<?xml version="1.0" encoding="UTF-8"?>
<!-- Generated by org.testng.reporters.JUnitReportReporter -->
<testsuite hostname="Ganesan-PC" name="scripts.LoginTest" tests="1" failures="0" timestamp="23 Apr 2015 13:47:39 GMT" time="31.332" errors="0">
  <testcase name="loginTest" time="31.332" classname="scripts.LoginTest"/>
</testsuite> <!-- scripts.LoginTest -->
